DEBUG 2022-02-05 20:40:46 [main] a.b.t.loggenerator.LogGenerator - Creating Performance Trace
INFO 2022-02-05 20:40:46 [main] a.b.t.loggenerator.LogGenerator - PERFORMANCE|0.509|SEND EMAIL|SUCCESS|Robin
DEBUG 2022-02-05 20:40:48 [main] a.b.t.loggenerator.LogGenerator - Creating Performance Trace
INFO 2022-02-05 20:40:48 [main] a.b.t.loggenerator.LogGenerator - PERFORMANCE|6.593|DELETE USER|FAILURE|Batman
DEBUG 2022-02-05 20:40:49 [main] a.b.t.loggenerator.LogGenerator - Creating Login Trace
INFO 2022-02-05 20:40:49 [main] a.b.t.loggenerator.LogGenerator - LOGIN|202|Sacarino|135.200.126.43
DEBUG 2022-02-05 20:40:50 [main] a.b.t.loggenerator.LogGenerator - Creating Performance Trace
INFO 2022-02-05 20:40:50 [main] a.b.t.loggenerator.LogGenerator - PERFORMANCE|3.192|SEND EMAIL|SUCCESS|Robin
DEBUG 2022-02-05 20:40:52 [main] a.b.t.loggenerator.LogGenerator - Creating Performance Trace
INFO 2022-02-05 20:40:52 [main] a.b.t.loggenerator.LogGenerator - PERFORMANCE|1.998|DOWNLOAD DOCUMENT|SUCCESS|SuperLopez
DEBUG 2022-02-05 20:40:54 [main] a.b.t.loggenerator.LogGenerator - Creating Login Trace
INFO 2022-02-05 20:40:54 [main] a.b.t.loggenerator.LogGenerator - LOGIN|200|IronFish|42.184.179.204
DEBUG 2022-02-05 20:40:54 [main] a.b.t.loggenerator.LogGenerator - Creating Performance Trace
INFO 2022-02-05 20:40:54 [main] a.b.t.loggenerator.LogGenerator - PERFORMANCE|2.309|LOGIN|FAILURE|Filemon
DEBUG 2022-02-05 20:41:12 [main] a.b.t.loggenerator.LogGenerator - Creating Performance Trace
INFO 2022-02-05 20:41:12 [main] a.b.t.loggenerator.LogGenerator - PERFORMANCE|4.392|EXPORT DATA|SUCCESS|Zipi
DEBUG 2022-02-05 20:41:12 [main] a.b.t.loggenerator.LogGenerator - Creating Performance Trace
INFO 2022-02-05 20:41:12 [main] a.b.t.loggenerator.LogGenerator - PERFORMANCE|0.142|EXPORT DATA|FAILURE|Batman
DEBUG 2022-02-05 20:41:12 [main] a.b.t.loggenerator.LogGenerator - Creating Login Trace
INFO 2022-02-05 20:41:12 [main] a.b.t.loggenerator.LogGenerator - LOGIN|404|IronFish|72.2.120.40
DEBUG 2022-02-05 20:41:12 [main] a.b.t.loggenerator.LogGenerator - Creating Performance Trace
INFO 2022-02-05 20:41:12 [main] a.b.t.loggenerator.LogGenerator - PERFORMANCE|1.132|SEND EMAIL|FAILURE|Robin
DEBUG 2022-02-05 20:41:12 [main] a.b.t.loggenerator.LogGenerator - Creating Performance Trace
INFO 2022-02-05 20:41:12 [main] a.b.t.loggenerator.LogGenerator - PERFORMANCE|6.049|EXPORT DATA|SUCCESS|Thor
DEBUG 2022-02-05 20:41:12 [main] a.b.t.loggenerator.LogGenerator - Creating Login Trace
INFO 2022-02-05 20:41:12 [main] a.b.t.loggenerator.LogGenerator - LOGIN|202|Robin|164.212.201.231
DEBUG 2022-02-05 20:41:12 [main] a.b.t.loggenerator.LogGenerator - Creating Performance Trace
INFO 2022-02-05 20:41:12 [main] a.b.t.loggenerator.LogGenerator - PERFORMANCE|1.968|SEND EMAIL|SUCCESS|SuperLopez
DEBUG 2022-02-05 20:41:12 [main] a.b.t.loggenerator.LogGenerator - Creating Performance Trace
INFO 2022-02-05 20:41:12 [main] a.b.t.loggenerator.LogGenerator - PERFORMANCE|6.626|DOWNLOAD DOCUMENT|SUCCESS|IronMan
DEBUG 2022-02-05 20:41:12 [main] a.b.t.loggenerator.LogGenerator - Creating Performance Trace
INFO 2022-02-05 20:41:12 [main] a.b.t.loggenerator.LogGenerator - PERFORMANCE|3.105|CREATE USER|SUCCESS|Conan
DEBUG 2022-02-05 20:41:12 [main] a.b.t.loggenerator.LogGenerator - Creating Login Trace
INFO 2022-02-05 20:41:12 [main] a.b.t.loggenerator.LogGenerator - LOGIN|150|IronMan|104.201.201.198
DEBUG 2022-02-05 20:41:12 [main] a.b.t.loggenerator.LogGenerator - Creating Performance Trace
INFO 2022-02-05 20:41:12 [main] a.b.t.loggenerator.LogGenerator - PERFORMANCE|4.559|DOWNLOAD DOCUMENT|SUCCESS|Thor
DEBUG 2022-02-05 20:41:12 [main] a.b.t.loggenerator.LogGenerator - Creating Performance Trace
INFO 2022-02-05 20:41:12 [main] a.b.t.loggenerator.LogGenerator - PERFORMANCE|7.238|DELETE USER|SUCCESS|Superman
DEBUG 2022-02-05 20:41:12 [main] a.b.t.loggenerator.LogGenerator - Creating Login Trace
INFO 2022-02-05 20:41:12 [main] a.b.t.loggenerator.LogGenerator - LOGIN|250|Conan|147.192.223.17
DEBUG 2022-02-05 20:41:12 [main] a.b.t.loggenerator.LogGenerator - Creating Performance Trace
INFO 2022-02-05 20:41:12 [main] a.b.t.loggenerator.LogGenerator - PERFORMANCE|7.592|EXPORT DATA|SUCCESS|IronFish
DEBUG 2022-02-05 20:41:12 [main] a.b.t.loggenerator.LogGenerator - Creating Error Trace
ERROR 2022-02-05 20:41:12 [main] a.b.t.loggenerator.LogGenerator - Error connecting to database|
java.lang.Exception: Error connecting to database
	at am.ballesteros.training.loggenerator.LogGeneratorKt.generateExceptionTrace(LogGenerator.kt:66)
	at am.ballesteros.training.loggenerator.LogGeneratorKt.generateTraces(LogGenerator.kt:31)
	at am.ballesteros.training.loggenerator.LogGeneratorKt$main$1.invoke(LogGenerator.kt:17)
	at am.ballesteros.training.loggenerator.LogGeneratorKt$main$1.invoke(LogGenerator.kt)
	at com.xenomachina.argparser.SystemExitExceptionKt.mainBody(SystemExitException.kt:74)
	at com.xenomachina.argparser.SystemExitExceptionKt.mainBody$default(SystemExitException.kt:72)
	at am.ballesteros.training.loggenerator.LogGeneratorKt.main(LogGenerator.kt:14)
DEBUG 2022-02-05 20:41:12 [main] a.b.t.loggenerator.LogGenerator - Creating Performance Trace
INFO 2022-02-05 20:41:12 [main] a.b.t.loggenerator.LogGenerator - PERFORMANCE|4.991|LOGIN|SUCCESS|Mortadelo
DEBUG 2022-02-05 20:41:12 [main] a.b.t.loggenerator.LogGenerator - Creating Performance Trace
INFO 2022-02-05 20:41:12 [main] a.b.t.loggenerator.LogGenerator - PERFORMANCE|1.82|DELETE USER|SUCCESS|Zape
DEBUG 2022-02-05 20:41:12 [main] a.b.t.loggenerator.LogGenerator - Creating Login Trace
INFO 2022-02-05 20:41:12 [main] a.b.t.loggenerator.LogGenerator - LOGIN|250|Carpanta|80.183.235.224
DEBUG 2022-02-05 20:41:12 [main] a.b.t.loggenerator.LogGenerator - Creating Performance Trace
INFO 2022-02-05 20:41:12 [main] a.b.t.loggenerator.LogGenerator - PERFORMANCE|6.7|CREATE USER|SUCCESS|Flash
DEBUG 2022-02-05 20:41:12 [main] a.b.t.loggenerator.LogGenerator - Creating Performance Trace
INFO 2022-02-05 20:41:12 [main] a.b.t.loggenerator.LogGenerator - PERFORMANCE|4.162|CREATE USER|FAILURE|Bacterio
DEBUG 2022-02-05 20:41:12 [main] a.b.t.loggenerator.LogGenerator - Creating Login Trace
INFO 2022-02-05 20:41:12 [main] a.b.t.loggenerator.LogGenerator - LOGIN|500|SuperLopez|172.34.197.44
DEBUG 2022-02-05 20:41:12 [main] a.b.t.loggenerator.LogGenerator - Creating Performance Trace
INFO 2022-02-05 20:41:12 [main] a.b.t.loggenerator.LogGenerator - PERFORMANCE|2.397|DOWNLOAD DOCUMENT|SUCCESS|Bacterio
DEBUG 2022-02-05 20:41:12 [main] a.b.t.loggenerator.LogGenerator - Creating Performance Trace
INFO 2022-02-05 20:41:12 [main] a.b.t.loggenerator.LogGenerator - PERFORMANCE|1.249|EXPORT DATA|SUCCESS|Batman
DEBUG 2022-02-05 20:41:12 [main] a.b.t.loggenerator.LogGenerator - Creating Performance Trace
INFO 2022-02-05 20:41:12 [main] a.b.t.loggenerator.LogGenerator - PERFORMANCE|6.45|DELETE USER|FAILURE|Thor
DEBUG 2022-02-05 20:41:12 [main] a.b.t.loggenerator.LogGenerator - Creating Login Trace
INFO 2022-02-05 20:41:12 [main] a.b.t.loggenerator.LogGenerator - LOGIN|400|Bacterio|4.16.129.24
DEBUG 2022-02-05 20:41:12 [main] a.b.t.loggenerator.LogGenerator - Creating Performance Trace
INFO 2022-02-05 20:41:12 [main] a.b.t.loggenerator.LogGenerator - PERFORMANCE|6.169|SEND EMAIL|SUCCESS|Thor
DEBUG 2022-02-05 20:41:12 [main] a.b.t.loggenerator.LogGenerator - Creating Performance Trace
INFO 2022-02-05 20:41:12 [main] a.b.t.loggenerator.LogGenerator - PERFORMANCE|1.237|DELETE USER|SUCCESS|Mortadelo
DEBUG 2022-02-05 20:41:12 [main] a.b.t.loggenerator.LogGenerator - Creating Login Trace
INFO 2022-02-05 20:41:12 [main] a.b.t.loggenerator.LogGenerator - LOGIN|500|Zipi|221.96.125.224
DEBUG 2022-02-05 20:41:12 [main] a.b.t.loggenerator.LogGenerator - Creating Performance Trace
INFO 2022-02-05 20:41:12 [main] a.b.t.loggenerator.LogGenerator - PERFORMANCE|1.992|CREATE USER|FAILURE|IronFish
DEBUG 2022-02-05 20:41:12 [main] a.b.t.loggenerator.LogGenerator - Creating Error Trace
ERROR 2022-02-05 20:41:12 [main] a.b.t.loggenerator.LogGenerator - Lazy Loading is not allowed in this context|
java.lang.Exception: Lazy Loading is not allowed in this context
	at am.ballesteros.training.loggenerator.LogGeneratorKt.generateExceptionTrace(LogGenerator.kt:66)
	at am.ballesteros.training.loggenerator.LogGeneratorKt.generateTraces(LogGenerator.kt:31)
	at am.ballesteros.training.loggenerator.LogGeneratorKt$main$1.invoke(LogGenerator.kt:17)
	at am.ballesteros.training.loggenerator.LogGeneratorKt$main$1.invoke(LogGenerator.kt)
	at com.xenomachina.argparser.SystemExitExceptionKt.mainBody(SystemExitException.kt:74)
	at com.xenomachina.argparser.SystemExitExceptionKt.mainBody$default(SystemExitException.kt:72)
	at am.ballesteros.training.loggenerator.LogGeneratorKt.main(LogGenerator.kt:14)
DEBUG 2022-02-05 20:41:12 [main] a.b.t.loggenerator.LogGenerator - Creating Performance Trace
INFO 2022-02-05 20:41:12 [main] a.b.t.loggenerator.LogGenerator - PERFORMANCE|2.824|DOWNLOAD DOCUMENT|SUCCESS|Carpanta
DEBUG 2022-02-05 20:41:12 [main] a.b.t.loggenerator.LogGenerator - Creating Performance Trace
INFO 2022-02-05 20:41:12 [main] a.b.t.loggenerator.LogGenerator - PERFORMANCE|6.561|DOWNLOAD DOCUMENT|SUCCESS|Pantuflo
DEBUG 2022-02-05 20:41:12 [main] a.b.t.loggenerator.LogGenerator - Creating Login Trace
INFO 2022-02-05 20:41:12 [main] a.b.t.loggenerator.LogGenerator - LOGIN|250|Robin|154.4.225.167
DEBUG 2022-02-05 20:41:12 [main] a.b.t.loggenerator.LogGenerator - Creating Performance Trace
INFO 2022-02-05 20:41:12 [main] a.b.t.loggenerator.LogGenerator - PERFORMANCE|0.403|CREATE USER|FAILURE|SuperLopez
DEBUG 2022-02-05 20:41:12 [main] a.b.t.loggenerator.LogGenerator - Creating Performance Trace
INFO 2022-02-05 20:41:12 [main] a.b.t.loggenerator.LogGenerator - PERFORMANCE|2.486|DELETE USER|FAILURE|Thor
DEBUG 2022-02-05 20:41:12 [main] a.b.t.loggenerator.LogGenerator - Creating Login Trace
INFO 2022-02-05 20:41:12 [main] a.b.t.loggenerator.LogGenerator - LOGIN|404|Conan|65.137.20.178
DEBUG 2022-02-05 20:41:12 [main] a.b.t.loggenerator.LogGenerator - Creating Performance Trace
INFO 2022-02-05 20:41:12 [main] a.b.t.loggenerator.LogGenerator - PERFORMANCE|6.776|SEND EMAIL|FAILURE|Flash
DEBUG 2022-02-05 20:41:12 [main] a.b.t.loggenerator.LogGenerator - Creating Performance Trace
INFO 2022-02-05 20:41:12 [main] a.b.t.loggenerator.LogGenerator - PERFORMANCE|7.669|LOGIN|FAILURE|Mortadelo
DEBUG 2022-02-05 20:41:12 [main] a.b.t.loggenerator.LogGenerator - Creating Performance Trace
INFO 2022-02-05 20:41:12 [main] a.b.t.loggenerator.LogGenerator - PERFORMANCE|4.408|DELETE USER|SUCCESS|Filemon
DEBUG 2022-02-05 20:41:12 [main] a.b.t.loggenerator.LogGenerator - Creating Login Trace
INFO 2022-02-05 20:41:12 [main] a.b.t.loggenerator.LogGenerator - LOGIN|500|Sacarino|142.239.127.98
DEBUG 2022-02-05 20:41:12 [main] a.b.t.loggenerator.LogGenerator - Creating Performance Trace
INFO 2022-02-05 20:41:12 [main] a.b.t.loggenerator.LogGenerator - PERFORMANCE|2.791|DELETE USER|SUCCESS|Conan
DEBUG 2022-02-05 20:41:12 [main] a.b.t.loggenerator.LogGenerator - Creating Performance Trace
INFO 2022-02-05 20:41:12 [main] a.b.t.loggenerator.LogGenerator - PERFORMANCE|1.576|LOGIN|SUCCESS|Robin
DEBUG 2022-02-05 20:41:12 [main] a.b.t.loggenerator.LogGenerator - Creating Login Trace
INFO 2022-02-05 20:41:12 [main] a.b.t.loggenerator.LogGenerator - LOGIN|500|Batman|86.32.107.12
DEBUG 2022-02-05 20:41:12 [main] a.b.t.loggenerator.LogGenerator - Creating Performance Trace
INFO 2022-02-05 20:41:12 [main] a.b.t.loggenerator.LogGenerator - PERFORMANCE|3.512|EXPORT DATA|SUCCESS|Flash
DEBUG 2022-02-05 20:41:12 [main] a.b.t.loggenerator.LogGenerator - Creating Error Trace
ERROR 2022-02-05 20:41:12 [main] a.b.t.loggenerator.LogGenerator - Invalid credentials. User will be flag as inactive|
java.lang.Exception: Invalid credentials. User will be flag as inactive
	at am.ballesteros.training.loggenerator.LogGeneratorKt.generateExceptionTrace(LogGenerator.kt:66)
	at am.ballesteros.training.loggenerator.LogGeneratorKt.generateTraces(LogGenerator.kt:31)
	at am.ballesteros.training.loggenerator.LogGeneratorKt$main$1.invoke(LogGenerator.kt:17)
	at am.ballesteros.training.loggenerator.LogGeneratorKt$main$1.invoke(LogGenerator.kt)
	at com.xenomachina.argparser.SystemExitExceptionKt.mainBody(SystemExitException.kt:74)
	at com.xenomachina.argparser.SystemExitExceptionKt.mainBody$default(SystemExitException.kt:72)
	at am.ballesteros.training.loggenerator.LogGeneratorKt.main(LogGenerator.kt:14)
DEBUG 2022-02-05 20:41:12 [main] a.b.t.loggenerator.LogGenerator - Creating Performance Trace
INFO 2022-02-05 20:41:12 [main] a.b.t.loggenerator.LogGenerator - PERFORMANCE|1.679|SEND EMAIL|SUCCESS|Batman
DEBUG 2022-02-05 20:41:12 [main] a.b.t.loggenerator.LogGenerator - Creating Performance Trace
INFO 2022-02-05 20:41:12 [main] a.b.t.loggenerator.LogGenerator - PERFORMANCE|2.76|DOWNLOAD DOCUMENT|SUCCESS|Mortadelo
DEBUG 2022-02-05 20:41:12 [main] a.b.t.loggenerator.LogGenerator - Creating Login Trace
INFO 2022-02-05 20:41:12 [main] a.b.t.loggenerator.LogGenerator - LOGIN|100|Carpanta|91.214.178.178
DEBUG 2022-02-05 20:41:12 [main] a.b.t.loggenerator.LogGenerator - Creating Performance Trace
INFO 2022-02-05 20:41:12 [main] a.b.t.loggenerator.LogGenerator - PERFORMANCE|0.588|CREATE USER|SUCCESS|Robin
DEBUG 2022-02-05 20:41:12 [main] a.b.t.loggenerator.LogGenerator - Creating Performance Trace
INFO 2022-02-05 20:41:12 [main] a.b.t.loggenerator.LogGenerator - PERFORMANCE|3.228|DELETE USER|SUCCESS|Pantuflo
DEBUG 2022-02-05 20:41:12 [main] a.b.t.loggenerator.LogGenerator - Creating Login Trace
INFO 2022-02-05 20:41:12 [main] a.b.t.loggenerator.LogGenerator - LOGIN|250|Zape|25.137.109.47
DEBUG 2022-02-05 20:41:12 [main] a.b.t.loggenerator.LogGenerator - Creating Performance Trace
INFO 2022-02-05 20:41:12 [main] a.b.t.loggenerator.LogGenerator - PERFORMANCE|3.055|DOWNLOAD DOCUMENT|SUCCESS|Carpanta
DEBUG 2022-02-05 20:41:12 [main] a.b.t.loggenerator.LogGenerator - Creating Performance Trace
INFO 2022-02-05 20:41:12 [main] a.b.t.loggenerator.LogGenerator - PERFORMANCE|3.303|SEND EMAIL|SUCCESS|Zipi
DEBUG 2022-02-05 20:41:12 [main] a.b.t.loggenerator.LogGenerator - Creating Performance Trace
INFO 2022-02-05 20:41:12 [main] a.b.t.loggenerator.LogGenerator - PERFORMANCE|5.983|LOGIN|SUCCESS|Thor
DEBUG 2022-02-05 20:41:12 [main] a.b.t.loggenerator.LogGenerator - Creating Login Trace
INFO 2022-02-05 20:41:12 [main] a.b.t.loggenerator.LogGenerator - LOGIN|250|Superman|128.250.202.244
DEBUG 2022-02-05 20:41:12 [main] a.b.t.loggenerator.LogGenerator - Creating Performance Trace
INFO 2022-02-05 20:41:12 [main] a.b.t.loggenerator.LogGenerator - PERFORMANCE|0.083|CREATE USER|FAILURE|Pantuflo
DEBUG 2022-02-05 20:41:12 [main] a.b.t.loggenerator.LogGenerator - Creating Performance Trace
INFO 2022-02-05 20:41:12 [main] a.b.t.loggenerator.LogGenerator - PERFORMANCE|2.613|CREATE USER|SUCCESS|IronFish
DEBUG 2022-02-05 20:41:12 [main] a.b.t.loggenerator.LogGenerator - Creating Login Trace
INFO 2022-02-05 20:41:12 [main] a.b.t.loggenerator.LogGenerator - LOGIN|500|Thor|21.244.161.253
DEBUG 2022-02-05 20:41:12 [main] a.b.t.loggenerator.LogGenerator - Creating Performance Trace
INFO 2022-02-05 20:41:12 [main] a.b.t.loggenerator.LogGenerator - PERFORMANCE|6.912|EXPORT DATA|SUCCESS|Pantuflo
DEBUG 2022-02-05 20:41:12 [main] a.b.t.loggenerator.LogGenerator - Creating Error Trace
ERROR 2022-02-05 20:41:12 [main] a.b.t.loggenerator.LogGenerator - Error creating user|
java.lang.Exception: Error creating user
	at am.ballesteros.training.loggenerator.LogGeneratorKt.generateExceptionTrace(LogGenerator.kt:66)
	at am.ballesteros.training.loggenerator.LogGeneratorKt.generateTraces(LogGenerator.kt:31)
	at am.ballesteros.training.loggenerator.LogGeneratorKt$main$1.invoke(LogGenerator.kt:17)
	at am.ballesteros.training.loggenerator.LogGeneratorKt$main$1.invoke(LogGenerator.kt)
	at com.xenomachina.argparser.SystemExitExceptionKt.mainBody(SystemExitException.kt:74)
	at com.xenomachina.argparser.SystemExitExceptionKt.mainBody$default(SystemExitException.kt:72)
	at am.ballesteros.training.loggenerator.LogGeneratorKt.main(LogGenerator.kt:14)
DEBUG 2022-02-05 20:41:12 [main] a.b.t.loggenerator.LogGenerator - Creating Performance Trace
INFO 2022-02-05 20:41:12 [main] a.b.t.loggenerator.LogGenerator - PERFORMANCE|5.981|DELETE USER|SUCCESS|Filemon
DEBUG 2022-02-05 20:41:12 [main] a.b.t.loggenerator.LogGenerator - Creating Performance Trace
INFO 2022-02-05 20:41:12 [main] a.b.t.loggenerator.LogGenerator - PERFORMANCE|3.929|LOGIN|SUCCESS|Carpanta
DEBUG 2022-02-05 20:41:12 [main] a.b.t.loggenerator.LogGenerator - Creating Login Trace
INFO 2022-02-05 20:41:12 [main] a.b.t.loggenerator.LogGenerator - LOGIN|202|Bacterio|229.39.146.198
DEBUG 2022-02-05 20:41:12 [main] a.b.t.loggenerator.LogGenerator - Creating Performance Trace
INFO 2022-02-05 20:41:12 [main] a.b.t.loggenerator.LogGenerator - PERFORMANCE|5.101|EXPORT DATA|FAILURE|IronFish
DEBUG 2022-02-05 20:41:12 [main] a.b.t.loggenerator.LogGenerator - Creating Performance Trace
INFO 2022-02-05 20:41:12 [main] a.b.t.loggenerator.LogGenerator - PERFORMANCE|2.754|CREATE USER|FAILURE|IronMan
DEBUG 2022-02-05 20:41:12 [main] a.b.t.loggenerator.LogGenerator - Creating Login Trace
INFO 2022-02-05 20:41:12 [main] a.b.t.loggenerator.LogGenerator - LOGIN|200|Flash|27.88.135.237
DEBUG 2022-02-05 20:41:12 [main] a.b.t.loggenerator.LogGenerator - Creating Performance Trace
INFO 2022-02-05 20:41:12 [main] a.b.t.loggenerator.LogGenerator - PERFORMANCE|3.493|CREATE USER|SUCCESS|Zipi
DEBUG 2022-02-05 20:41:12 [main] a.b.t.loggenerator.LogGenerator - Creating Performance Trace
INFO 2022-02-05 20:41:12 [main] a.b.t.loggenerator.LogGenerator - PERFORMANCE|7.097|DELETE USER|SUCCESS|Flash
DEBUG 2022-02-05 20:41:12 [main] a.b.t.loggenerator.LogGenerator - Creating Performance Trace
INFO 2022-02-05 20:41:12 [main] a.b.t.loggenerator.LogGenerator - PERFORMANCE|2.41|LOGIN|FAILURE|IronFish
DEBUG 2022-02-05 20:41:12 [main] a.b.t.loggenerator.LogGenerator - Creating Login Trace
INFO 2022-02-05 20:41:12 [main] a.b.t.loggenerator.LogGenerator - LOGIN|100|Pantuflo|220.220.1.52
DEBUG 2022-02-05 20:41:12 [main] a.b.t.loggenerator.LogGenerator - Creating Performance Trace
INFO 2022-02-05 20:41:12 [main] a.b.t.loggenerator.LogGenerator - PERFORMANCE|0.377|EXPORT DATA|FAILURE|Sacarino
DEBUG 2022-02-05 20:41:12 [main] a.b.t.loggenerator.LogGenerator - Creating Performance Trace
INFO 2022-02-05 20:41:12 [main] a.b.t.loggenerator.LogGenerator - PERFORMANCE|7.058|LOGIN|FAILURE|Thor
DEBUG 2022-02-05 20:41:12 [main] a.b.t.loggenerator.LogGenerator - Creating Login Trace
INFO 2022-02-05 20:41:12 [main] a.b.t.loggenerator.LogGenerator - LOGIN|201|Conan|20.226.229.142
DEBUG 2022-02-05 20:41:12 [main] a.b.t.loggenerator.LogGenerator - Creating Performance Trace
INFO 2022-02-05 20:41:12 [main] a.b.t.loggenerator.LogGenerator - PERFORMANCE|2.226|LOGIN|SUCCESS|SuperLopez
DEBUG 2022-02-05 20:41:12 [main] a.b.t.loggenerator.LogGenerator - Creating Error Trace
ERROR 2022-02-05 20:41:12 [main] a.b.t.loggenerator.LogGenerator - User can not be null. Can not fetch information from the database|
java.lang.Exception: User can not be null. Can not fetch information from the database
	at am.ballesteros.training.loggenerator.LogGeneratorKt.generateExceptionTrace(LogGenerator.kt:66)
	at am.ballesteros.training.loggenerator.LogGeneratorKt.generateTraces(LogGenerator.kt:31)
	at am.ballesteros.training.loggenerator.LogGeneratorKt$main$1.invoke(LogGenerator.kt:17)
	at am.ballesteros.training.loggenerator.LogGeneratorKt$main$1.invoke(LogGenerator.kt)
	at com.xenomachina.argparser.SystemExitExceptionKt.mainBody(SystemExitException.kt:74)
	at com.xenomachina.argparser.SystemExitExceptionKt.mainBody$default(SystemExitException.kt:72)
	at am.ballesteros.training.loggenerator.LogGeneratorKt.main(LogGenerator.kt:14)
